[0m[[0m[0mdebug[0m] [0m[0m> Exec(testOnly *ScalaLoan*, Some(b82feb35-9048-4e7c-b680-fc0d2be9aef2), Some(CommandSource(console0)))[0m
[0m[[0m[0mdebug[0m] [0m[0mEvaluating tasks: Test / testOnly[0m
[0m[[0m[0mdebug[0m] [0m[0mRunning task... Cancel: Signal, check cycles: false, forcegc: true[0m
[0m[[0m[0minfo[0m] [0m[0mcompiling 3 Scala sources to /Users/darshildholakia/Documents/scala_self_practice/scala-unit-testing/target/scala-2.13/test-classes ...[0m
[0m[[0m[33mwarn[0m] [0m[0m6 feature warnings; re-run with -feature for details[0m
[0m[[0m[33mwarn[0m] [0m[0mone warning found[0m
[0m[[0m[0minfo[0m] [0m[0m[32mScalaLoanFixtures:[0m[0m
[0m[[0m[0minfo[0m] [0m[0m[32mTesting random currencies with load pattern[0m[0m
[0m[[0m[0minfo[0m] [0m[0m[32m- should have totalCost of Dollars more than $10[0m[0m
[0m[[0m[0minfo[0m] [0m[0m[32m- should not have any currency with INR or NZD[0m[0m
[0m[[0m[0minfo[0m] [0m[0m[36mRun completed in 148 milliseconds.[0m[0m
[0m[[0m[0minfo[0m] [0m[0m[36mTotal number of tests run: 2[0m[0m
[0m[[0m[0minfo[0m] [0m[0m[36mSuites: completed 1, aborted 0[0m[0m
[0m[[0m[0minfo[0m] [0m[0m[36mTests: succeeded 2, failed 0, canceled 0, ignored 0, pending 0[0m[0m
[0m[[0m[0minfo[0m] [0m[0m[32mAll tests passed.[0m[0m
[0m[[0m[0mdebug[0m] [0m[0mForcing garbage collection...[0m
[0m[[0m[32msuccess[0m] [0m[0mTotal time: 1 s, completed 15 May 2022, 19:41:15[0m
[0m[[0m[0mdebug[0m] [0m[0m> Exec(shell, None, None)[0m
[0m[[0m[0mdebug[0m] [0m[0mForcing garbage collection...[0m
[0m[[0m[0minfo[0m] [0m[0mshutting down sbt server[0m
